[{"line":1,"elements":[{"start_timestamp":"2025-11-14T15:20:58.044Z","before":[{"result":{"duration":2183587000,"status":"passed"},"match":{"location":"steps.CartStepDefs.clearCartBeforeScenario()"}}],"line":7,"name":"User can view and close the About Us modal","description":"","id":"about-us;user-can-view-and-close-the-about-us-modal","type":"scenario","keyword":"Scenario","steps":[{"result":{"duration":825755000,"status":"passed"},"line":8,"name":"I am on the DemoBlaze homepage","match":{"location":"steps.AboutusStepdefs.i_am_on_homepage()"},"keyword":"Given "},{"result":{"duration":432253000,"status":"passed"},"line":9,"name":"I click on the About us link","match":{"location":"steps.AboutusStepdefs.i_click_about_us()"},"keyword":"When "},{"result":{"duration":62064000,"status":"passed"},"line":10,"name":"the About Us popup should appear","match":{"location":"steps.AboutusStepdefs.the_about_us_popup_should_appear()"},"keyword":"Then "},{"result":{"duration":10237373000,"status":"passed"},"line":11,"name":"I should be able to close the popup","match":{"location":"steps.AboutusStepdefs.i_can_close_popup()"},"keyword":"And "}],"tags":[{"name":"@Happy"}]}],"name":"About us","description":"  In order to learn more about the company\n  As a user on the DemoBlaze website\n  I want to open the About Us modal and view its content","id":"about-us","keyword":"Feature","uri":"file:src/test/resources/features/Aboutus.feature","tags":[]},{"line":1,"elements":[{"start_timestamp":"2025-11-14T15:21:12.574Z","before":[{"result":{"duration":1349613000,"status":"passed"},"match":{"location":"steps.CartStepDefs.clearCartBeforeScenario()"}}],"line":7,"name":"Choosing a Category","description":"","id":"cart;choosing-a-category","type":"scenario","keyword":"Scenario","steps":[{"result":{"duration":636206000,"status":"passed"},"line":8,"name":"I am on the homepage","match":{"location":"steps.CartStepDefs.iAmOnTheHomepage()"},"keyword":"Given "},{"result":{"duration":109600000,"status":"passed"},"line":9,"name":"I click on the Monitors category","match":{"location":"steps.CartStepDefs.iClickOnTheMonitorsCategory()"},"keyword":"When "},{"result":{"duration":59722000,"status":"passed"},"line":10,"name":"I should see only the two monitors","match":{"location":"steps.CartStepDefs.iShouldSeeOnlyTheTwoMonitors()"},"keyword":"Then "}]},{"start_timestamp":"2025-11-14T15:21:15.343Z","before":[{"result":{"duration":1278990000,"status":"passed"},"match":{"location":"steps.CartStepDefs.clearCartBeforeScenario()"}}],"line":18,"name":"View Product Details","description":"","id":"cart;view-product-details;;2","type":"scenario","keyword":"Scenario Outline","steps":[{"result":{"duration":632123000,"status":"passed"},"line":13,"name":"I am on the homepage","match":{"location":"steps.CartStepDefs.iAmOnTheHomepage()"},"keyword":"Given "},{"result":{"duration":364305000,"status":"passed"},"line":14,"name":"I click on the \"Nexus 6\"","match":{"arguments":[{"val":"\"Nexus 6\"","offset":15}],"location":"steps.CartStepDefs.iClickOnThe(java.lang.String)"},"keyword":"When "},{"result":{"error_message":"java.lang.AssertionError: \nExpected: a string containing \"/prod.html\"\n     but: was \"https://www.demoblaze.com/\"\n\tat org.hamcrest.MatcherAssert.assertThat(MatcherAssert.java:20)\n\tat org.hamcrest.MatcherAssert.assertThat(MatcherAssert.java:6)\n\tat steps.CartStepDefs.iShouldLandOnTheProductDetailPageFor(CartStepDefs.java:75)\n\tat ✽.I should land on the product detail page for \"Nexus 6\"(file:///Users/khadijahraja/Web-Testing-Framework/src/test/resources/features/Cart.feature:15)\n","duration":21877000,"status":"failed"},"line":15,"name":"I should land on the product detail page for \"Nexus 6\"","match":{"arguments":[{"val":"\"Nexus 6\"","offset":45}],"location":"steps.CartStepDefs.iShouldLandOnTheProductDetailPageFor(java.lang.String)"},"keyword":"Then "}]},{"start_timestamp":"2025-11-14T15:21:19.046Z","before":[{"result":{"duration":1309803000,"status":"passed"},"match":{"location":"steps.CartStepDefs.clearCartBeforeScenario()"}}],"line":19,"name":"View Product Details","description":"","id":"cart;view-product-details;;3","type":"scenario","keyword":"Scenario Outline","steps":[{"result":{"duration":701536000,"status":"passed"},"line":13,"name":"I am on the homepage","match":{"location":"steps.CartStepDefs.iAmOnTheHomepage()"},"keyword":"Given "},{"result":{"duration":903829000,"status":"passed"},"line":14,"name":"I click on the \"Sony vaio i7\"","match":{"arguments":[{"val":"\"Sony vaio i7\"","offset":15}],"location":"steps.CartStepDefs.iClickOnThe(java.lang.String)"},"keyword":"When "},{"result":{"duration":145703000,"status":"passed"},"line":15,"name":"I should land on the product detail page for \"Sony vaio i7\"","match":{"arguments":[{"val":"\"Sony vaio i7\"","offset":45}],"location":"steps.CartStepDefs.iShouldLandOnTheProductDetailPageFor(java.lang.String)"},"keyword":"Then "}]},{"start_timestamp":"2025-11-14T15:21:22.905Z","before":[{"result":{"duration":1576752000,"status":"passed"},"match":{"location":"steps.CartStepDefs.clearCartBeforeScenario()"}}],"line":20,"name":"View Product Details","description":"","id":"cart;view-product-details;;4","type":"scenario","keyword":"Scenario Outline","steps":[{"result":{"duration":493303000,"status":"passed"},"line":13,"name":"I am on the homepage","match":{"location":"steps.CartStepDefs.iAmOnTheHomepage()"},"keyword":"Given "},{"result":{"duration":624792000,"status":"passed"},"line":14,"name":"I click on the \"Samsung galaxy s6\"","match":{"arguments":[{"val":"\"Samsung galaxy s6\"","offset":15}],"location":"steps.CartStepDefs.iClickOnThe(java.lang.String)"},"keyword":"When "},{"result":{"duration":28758000,"status":"passed"},"line":15,"name":"I should land on the product detail page for \"Samsung galaxy s6\"","match":{"arguments":[{"val":"\"Samsung galaxy s6\"","offset":45}],"location":"steps.CartStepDefs.iShouldLandOnTheProductDetailPageFor(java.lang.String)"},"keyword":"Then "}]},{"start_timestamp":"2025-11-14T15:21:26.040Z","line":33,"name":"Adding Products to Cart","description":"","id":"cart;adding-products-to-cart;;2","type":"scenario","keyword":"Scenario Outline","steps":[{"result":{"duration":1115967000,"status":"passed"},"line":24,"name":"I am on the homepage","match":{"location":"steps.CartStepDefs.iAmOnTheHomepage()"},"keyword":"Given "},{"result":{"duration":631961000,"status":"passed"},"line":25,"name":"I click on the \"Nexus 6\"","match":{"arguments":[{"val":"\"Nexus 6\"","offset":15}],"location":"steps.CartStepDefs.iClickOnThe(java.lang.String)"},"keyword":"And "},{"result":{"duration":2837000,"status":"passed"},"line":26,"name":"I am on the product detail page","match":{"location":"steps.CartStepDefs.iAmOnTheProductDetailPage()"},"keyword":"When "},{"result":{"duration":130249000,"status":"passed"},"line":27,"name":"I click Add to Cart","match":{"location":"steps.CartStepDefs.iClickAddToCart()"},"keyword":"And "},{"result":{"duration":526308000,"status":"passed"},"line":28,"name":"I should see a confirmation alert","match":{"location":"steps.CartStepDefs.iShouldSeeAConfirmationAlert()"},"keyword":"Then "},{"result":{"duration":732636000,"status":"passed"},"line":29,"name":"On the cart page, I should have \"1\" items in my cart","match":{"arguments":[{"val":"\"1\"","offset":32}],"location":"steps.CartStepDefs.onTheCartPageIsOneOfInMyCart(java.lang.String)"},"keyword":"And "},{"result":{"duration":18090000,"status":"passed"},"line":30,"name":"My Cart total should be \"650\"","match":{"arguments":[{"val":"\"650\"","offset":24}],"location":"steps.CartStepDefs.myCartTotalShouldBe(java.lang.String)"},"keyword":"And "}],"tags":[{"name":"@AccumulateCart"}]},{"start_timestamp":"2025-11-14T15:21:29.883Z","line":34,"name":"Adding Products to Cart","description":"","id":"cart;adding-products-to-cart;;3","type":"scenario","keyword":"Scenario Outline","steps":[{"result":{"duration":1345101000,"status":"passed"},"line":24,"name":"I am on the homepage","match":{"location":"steps.CartStepDefs.iAmOnTheHomepage()"},"keyword":"Given "},{"result":{"duration":412907000,"status":"passed"},"line":25,"name":"I click on the \"Sony vaio i7\"","match":{"arguments":[{"val":"\"Sony vaio i7\"","offset":15}],"location":"steps.CartStepDefs.iClickOnThe(java.lang.String)"},"keyword":"And "},{"result":{"duration":2581000,"status":"passed"},"line":26,"name":"I am on the product detail page","match":{"location":"steps.CartStepDefs.iAmOnTheProductDetailPage()"},"keyword":"When "},{"result":{"duration":182770000,"status":"passed"},"line":27,"name":"I click Add to Cart","match":{"location":"steps.CartStepDefs.iClickAddToCart()"},"keyword":"And "},{"result":{"duration":21559000,"status":"passed"},"line":28,"name":"I should see a confirmation alert","match":{"location":"steps.CartStepDefs.iShouldSeeAConfirmationAlert()"},"keyword":"Then "},{"result":{"error_message":"org.openqa.selenium.TimeoutException: Expected condition failed: waiting for number of elements found by By.className: success to be \"2\". Current number: \"1\" (tried for 15 second(s) with 50 milliseconds interval)\nBuild info: version: '4.10.0', revision: 'c14d967899'\nSystem info: os.name: 'Mac OS X', os.arch: 'aarch64', os.version: '14.6.1', java.version: '21.0.8'\nDriver info: driver.version: unknown\n\tat org.openqa.selenium.support.ui.FluentWait.timeoutException(FluentWait.java:262)\n\tat org.openqa.selenium.support.ui.FluentWait.until(FluentWait.java:230)\n\tat net.serenitybdd.core.pages.RenderedPageObjectView.waitFor(RenderedPageObjectView.java:111)\n\tat net.serenitybdd.core.pages.PageObject.waitFor(PageObject.java:414)\n\tat steps.CartStepDefs.onTheCartPageIsOneOfInMyCart(CartStepDefs.java:101)\n\tat ✽.On the cart page, I should have \"2\" items in my cart(file:///Users/khadijahraja/Web-Testing-Framework/src/test/resources/features/Cart.feature:29)\n","duration":15421559000,"status":"failed"},"line":29,"name":"On the cart page, I should have \"2\" items in my cart","match":{"arguments":[{"val":"\"2\"","offset":32}],"location":"steps.CartStepDefs.onTheCartPageIsOneOfInMyCart(java.lang.String)"},"keyword":"And "},{"result":{"duration":3724000,"status":"skipped"},"line":30,"name":"My Cart total should be \"1440\"","match":{"arguments":[{"val":"\"1440\"","offset":24}],"location":"steps.CartStepDefs.myCartTotalShouldBe(java.lang.String)"},"keyword":"And "}],"tags":[{"name":"@AccumulateCart"}]},{"start_timestamp":"2025-11-14T15:21:47.958Z","line":35,"name":"Adding Products to Cart","description":"","id":"cart;adding-products-to-cart;;4","type":"scenario","keyword":"Scenario Outline","steps":[{"result":{"duration":1408790000,"status":"passed"},"line":24,"name":"I am on the homepage","match":{"location":"steps.CartStepDefs.iAmOnTheHomepage()"},"keyword":"Given "},{"result":{"duration":608791000,"status":"passed"},"line":25,"name":"I click on the \"Samsung galaxy s6\"","match":{"arguments":[{"val":"\"Samsung galaxy s6\"","offset":15}],"location":"steps.CartStepDefs.iClickOnThe(java.lang.String)"},"keyword":"And "},{"result":{"duration":3212000,"status":"passed"},"line":26,"name":"I am on the product detail page","match":{"location":"steps.CartStepDefs.iAmOnTheProductDetailPage()"},"keyword":"When "},{"result":{"duration":74898000,"status":"passed"},"line":27,"name":"I click Add to Cart","match":{"location":"steps.CartStepDefs.iClickAddToCart()"},"keyword":"And "},{"result":{"duration":22892000,"status":"passed"},"line":28,"name":"I should see a confirmation alert","match":{"location":"steps.CartStepDefs.iShouldSeeAConfirmationAlert()"},"keyword":"Then "},{"result":{"error_message":"org.openqa.selenium.TimeoutException: Expected condition failed: waiting for number of elements found by By.className: success to be \"3\". Current number: \"1\" (tried for 15 second(s) with 50 milliseconds interval)\nBuild info: version: '4.10.0', revision: 'c14d967899'\nSystem info: os.name: 'Mac OS X', os.arch: 'aarch64', os.version: '14.6.1', java.version: '21.0.8'\nDriver info: driver.version: unknown\n\tat org.openqa.selenium.support.ui.FluentWait.timeoutException(FluentWait.java:262)\n\tat org.openqa.selenium.support.ui.FluentWait.until(FluentWait.java:230)\n\tat net.serenitybdd.core.pages.RenderedPageObjectView.waitFor(RenderedPageObjectView.java:111)\n\tat net.serenitybdd.core.pages.PageObject.waitFor(PageObject.java:414)\n\tat steps.CartStepDefs.onTheCartPageIsOneOfInMyCart(CartStepDefs.java:101)\n\tat ✽.On the cart page, I should have \"3\" items in my cart(file:///Users/khadijahraja/Web-Testing-Framework/src/test/resources/features/Cart.feature:29)\n","duration":15403236000,"status":"failed"},"line":29,"name":"On the cart page, I should have \"3\" items in my cart","match":{"arguments":[{"val":"\"3\"","offset":32}],"location":"steps.CartStepDefs.onTheCartPageIsOneOfInMyCart(java.lang.String)"},"keyword":"And "},{"result":{"duration":2632000,"status":"skipped"},"line":30,"name":"My Cart total should be \"1800\"","match":{"arguments":[{"val":"\"1800\"","offset":24}],"location":"steps.CartStepDefs.myCartTotalShouldBe(java.lang.String)"},"keyword":"And "}],"tags":[{"name":"@AccumulateCart"}]},{"start_timestamp":"2025-11-14T15:22:06.182Z","before":[{"result":{"duration":1379955000,"status":"passed"},"match":{"location":"steps.CartStepDefs.clearCartBeforeScenario()"}}],"line":37,"name":"Removing a Product from Cart","description":"","id":"cart;removing-a-product-from-cart","type":"scenario","keyword":"Scenario","steps":[{"result":{"duration":621237000,"status":"passed"},"line":38,"name":"I am on the homepage","match":{"location":"steps.CartStepDefs.iAmOnTheHomepage()"},"keyword":"Given "},{"result":{"duration":622041000,"status":"passed"},"line":39,"name":"I click on the \"Nexus 6\"","match":{"arguments":[{"val":"\"Nexus 6\"","offset":15}],"location":"steps.CartStepDefs.iClickOnThe(java.lang.String)"},"keyword":"And "},{"result":{"duration":634803000,"status":"passed"},"line":40,"name":"I Add the item to cart","match":{"location":"steps.CartStepDefs.iAddTheItemToCart()"},"keyword":"And "},{"result":{"duration":423286000,"status":"passed"},"line":41,"name":"I go to the cart page","match":{"location":"steps.CartStepDefs.iGoToTheCartPage()"},"keyword":"When "},{"result":{"duration":235565000,"status":"passed"},"line":42,"name":"I click on the delete button","match":{"location":"steps.CartStepDefs.iClickOnTheDeleteButton()"},"keyword":"And "},{"result":{"duration":20403598000,"status":"passed"},"line":43,"name":"My cart should be empty","match":{"location":"steps.CartStepDefs.myCartShouldBeEmpty()"},"keyword":"Then "}]},{"start_timestamp":"2025-11-14T15:22:31.309Z","before":[{"result":{"duration":1470176000,"status":"passed"},"match":{"location":"steps.CartStepDefs.clearCartBeforeScenario()"}}],"line":45,"name":"Quantity Changes when Product is added twice","description":"","id":"cart;quantity-changes-when-product-is-added-twice","type":"scenario","keyword":"Scenario","steps":[{"result":{"duration":925942000,"status":"passed"},"line":46,"name":"I am on the homepage","match":{"location":"steps.CartStepDefs.iAmOnTheHomepage()"},"keyword":"Given "},{"result":{"duration":593540000,"status":"passed"},"line":47,"name":"I click on the \"Nexus 6\"","match":{"arguments":[{"val":"\"Nexus 6\"","offset":15}],"location":"steps.CartStepDefs.iClickOnThe(java.lang.String)"},"keyword":"And "},{"result":{"duration":3257000,"status":"passed"},"line":48,"name":"I am on the product detail page","match":{"location":"steps.CartStepDefs.iAmOnTheProductDetailPage()"},"keyword":"When "},{"result":{"duration":1225461000,"status":"passed"},"line":49,"name":"I Add the item to cart twice","match":{"location":"steps.CartStepDefs.iAddTheItemToCartTwice()"},"keyword":"And "},{"result":{"duration":891360000,"status":"passed"},"line":50,"name":"On the cart page, I should have \"2\" items in my cart","match":{"arguments":[{"val":"\"2\"","offset":32}],"location":"steps.CartStepDefs.onTheCartPageIsOneOfInMyCart(java.lang.String)"},"keyword":"Then "},{"result":{"duration":19835000,"status":"passed"},"line":51,"name":"My Cart total should be \"1300\"","match":{"arguments":[{"val":"\"1300\"","offset":24}],"location":"steps.CartStepDefs.myCartTotalShouldBe(java.lang.String)"},"keyword":"And "}]}],"name":"Cart","description":"  In order to be able to buy items\n  As a user of the DemoBlaze website\n  I want to be able to add items to my cart or remove them","id":"cart","keyword":"Feature","uri":"file:src/test/resources/features/Cart.feature","tags":[]},{"line":1,"elements":[{"start_timestamp":"2025-11-14T15:22:37.178Z","before":[{"result":{"duration":1319354000,"status":"passed"},"match":{"location":"steps.CartStepDefs.clearCartBeforeScenario()"}}],"line":17,"name":"Checkout is successful","description":"","id":"checkout;checkout-is-successful;;2","type":"scenario","keyword":"Scenario Outline","steps":[{"result":{"duration":1943378000,"status":"passed"},"line":8,"name":"I have a product in cart","match":{"location":"steps.CheckoutStepdefs.iHaveProductInCart()"},"keyword":"Given "},{"result":{"error_message":"net.thucydides.core.webdriver.exceptions.ElementShouldBeEnabledException: Expected enabled element was not enabled\n\tat net.serenitybdd.core.pages.WebElementFacadeImpl.waitUntilEnabled(WebElementFacadeImpl.java:1122)\n\tat net.serenitybdd.core.pages.WebElementFacadeImpl.waitUntilElementAvailable(WebElementFacadeImpl.java:906)\n\tat net.serenitybdd.core.pages.WebElementFacadeImpl.click(WebElementFacadeImpl.java:1204)\n\tat net.serenitybdd.core.pages.WebElementFacadeImpl.click(WebElementFacadeImpl.java:1224)\n\tat java.base/jdk.internal.reflect.DirectMethodHandleAccessor.invoke(DirectMethodHandleAccessor.java:103)\n\tat java.base/java.lang.reflect.Method.invoke(Method.java:580)\n\tat net.thucydides.core.annotations.locators.AbstractSingleItemHandler.invoke(AbstractSingleItemHandler.java:43)\n\tat jdk.proxy2/jdk.proxy2.$Proxy36.click(Unknown Source)\n\tat pages.CheckoutPage.clickPlaceOrderBtn(CheckoutPage.java:66)\n\tat steps.CheckoutStepdefs.iClickThePlaceOrderButton(CheckoutStepdefs.java:30)\n\tat ✽.I click the place order button(file:///Users/khadijahraja/Web-Testing-Framework/src/test/resources/features/Checkout.feature:9)\nCaused by: org.openqa.selenium.TimeoutException: Expected condition failed: waiting for CheckoutPage.placeOrderBtn to be enabled (tried for 15 second(s) with 100 milliseconds interval)\n\tat org.openqa.selenium.support.ui.FluentWait.timeoutException(FluentWait.java:262)\n\tat org.openqa.selenium.support.ui.FluentWait.until(FluentWait.java:230)\n\tat net.serenitybdd.core.pages.WebElementFacadeImpl.waitUntilEnabled(WebElementFacadeImpl.java:1119)\n\tat net.serenitybdd.core.pages.WebElementFacadeImpl.waitUntilElementAvailable(WebElementFacadeImpl.java:906)\n\tat net.serenitybdd.core.pages.WebElementFacadeImpl.click(WebElementFacadeImpl.java:1204)\n\tat net.serenitybdd.core.pages.WebElementFacadeImpl.click(WebElementFacadeImpl.java:1224)\n\tat java.base/jdk.internal.reflect.DirectMethodHandleAccessor.invoke(DirectMethodHandleAccessor.java:103)\n\tat java.base/java.lang.reflect.Method.invoke(Method.java:580)\n\tat net.thucydides.core.annotations.locators.AbstractSingleItemHandler.invoke(AbstractSingleItemHandler.java:43)\n\tat jdk.proxy2/jdk.proxy2.$Proxy36.click(Unknown Source)\n\tat pages.CheckoutPage.clickPlaceOrderBtn(CheckoutPage.java:66)\n\tat steps.CheckoutStepdefs.iClickThePlaceOrderButton(CheckoutStepdefs.java:30)\n\tat java.base/jdk.internal.reflect.DirectMethodHandleAccessor.invoke(DirectMethodHandleAccessor.java:103)\n\tat java.base/java.lang.reflect.Method.invoke(Method.java:580)\n\tat io.cucumber.java.Invoker.doInvoke(Invoker.java:66)\n\tat io.cucumber.java.Invoker.invoke(Invoker.java:24)\n\tat io.cucumber.java.AbstractGlueDefinition.invokeMethod(AbstractGlueDefinition.java:47)\n\tat io.cucumber.java.JavaStepDefinition.execute(JavaStepDefinition.java:29)\n\tat io.cucumber.core.runner.CoreStepDefinition.execute(CoreStepDefinition.java:66)\n\tat io.cucumber.core.runner.PickleStepDefinitionMatch.runStep(PickleStepDefinitionMatch.java:63)\n\tat io.cucumber.core.runner.ExecutionMode$1.execute(ExecutionMode.java:10)\n\tat io.cucumber.core.runner.TestStep.executeStep(TestStep.java:84)\n\tat io.cucumber.core.runner.TestStep.run(TestStep.java:56)\n\tat io.cucumber.core.runner.PickleStepTestStep.run(PickleStepTestStep.java:51)\n\tat io.cucumber.core.runner.TestCase.run(TestCase.java:84)\n\tat io.cucumber.core.runner.Runner.runPickle(Runner.java:75)\n\tat io.cucumber.junit.PickleRunners$NoStepDescriptions.lambda$run$0(PickleRunners.java:151)\n\tat io.cucumber.core.runtime.CucumberExecutionContext.lambda$runTestCase$5(CucumberExecutionContext.java:137)\n\tat io.cucumber.core.runtime.RethrowingThrowableCollector.executeAndThrow(RethrowingThrowableCollector.java:23)\n\tat io.cucumber.core.runtime.CucumberExecutionContext.runTestCase(CucumberExecutionContext.java:137)\n\tat io.cucumber.junit.PickleRunners$NoStepDescriptions.run(PickleRunners.java:148)\n\tat io.cucumber.junit.FeatureRunner.runChild(FeatureRunner.java:144)\n\tat io.cucumber.junit.FeatureRunner.runChild(FeatureRunner.java:28)\n\tat org.junit.runners.ParentRunner$4.run(ParentRunner.java:331)\n\tat org.junit.runners.ParentRunner$1.schedule(ParentRunner.java:79)\n\tat org.junit.runners.ParentRunner.runChildren(ParentRunner.java:329)\n\tat org.junit.runners.ParentRunner.access$100(ParentRunner.java:66)\n\tat org.junit.runners.ParentRunner$2.evaluate(ParentRunner.java:293)\n\tat org.junit.runners.ParentRunner$3.evaluate(ParentRunner.java:306)\n\tat org.junit.runners.ParentRunner.run(ParentRunner.java:413)\n\tat io.cucumber.junit.FeatureRunner.run(FeatureRunner.java:137)\n\tat io.cucumber.junit.CucumberSerenityBaseRunner.runChild(CucumberSerenityBaseRunner.java:330)\n\tat io.cucumber.junit.CucumberSerenityBaseRunner.runChild(CucumberSerenityBaseRunner.java:51)\n\tat org.junit.runners.ParentRunner$4.run(ParentRunner.java:331)\n\tat org.junit.runners.ParentRunner$1.schedule(ParentRunner.java:79)\n\tat org.junit.runners.ParentRunner.runChildren(ParentRunner.java:329)\n\tat org.junit.runners.ParentRunner.access$100(ParentRunner.java:66)\n\tat org.junit.runners.ParentRunner$2.evaluate(ParentRunner.java:293)\n\tat io.cucumber.junit.CucumberSerenityBaseRunner$RunCucumber.evaluate(CucumberSerenityBaseRunner.java:361)\n\tat org.junit.runners.ParentRunner$3.evaluate(ParentRunner.java:306)\n\tat org.junit.runners.ParentRunner.run(ParentRunner.java:413)\n\tat org.junit.runner.JUnitCore.run(JUnitCore.java:137)\n\tat com.intellij.junit4.JUnit4IdeaTestRunner.startRunnerWithArgs(JUnit4IdeaTestRunner.java:69)\n\tat com.intellij.rt.junit.IdeaTestRunner$Repeater$1.execute(IdeaTestRunner.java:38)\n\tat com.intellij.rt.execution.junit.TestsRepeater.repeat(TestsRepeater.java:11)\n\tat com.intellij.rt.junit.IdeaTestRunner$Repeater.startRunnerWithArgs(IdeaTestRunner.java:35)\n\tat com.intellij.rt.junit.JUnitStarter.prepareStreamsAndStart(JUnitStarter.java:231)\n\tat com.intellij.rt.junit.JUnitStarter.main(JUnitStarter.java:55)\nCaused by: org.openqa.selenium.NoSuchElementException: Timed out after 10 seconds. Element not found\nFor documentation on this error, please visit: https://www.selenium.dev/documentation/webdriver/troubleshooting/errors#no-such-element-exception\nBuild info: version: '4.10.0', revision: 'c14d967899'\nSystem info: os.name: 'Mac OS X', os.arch: 'aarch64', os.version: '14.6.1', java.version: '21.0.8'\nDriver info: driver.version: unknown\n\tat net.thucydides.core.annotations.locators.SmartAjaxElementLocator.ajaxFindElement(SmartAjaxElementLocator.java:164)\n\tat net.thucydides.core.annotations.locators.SmartAjaxElementLocator.findElement(SmartAjaxElementLocator.java:116)\n\tat net.serenitybdd.core.pages.WebElementResolverByElementLocator.resolveForDriver(WebElementResolverByElementLocator.java:29)\n\tat net.serenitybdd.core.pages.WebElementFacadeImpl.getResolvedElement(WebElementFacadeImpl.java:189)\n\tat net.serenitybdd.core.pages.WebElementFacadeImpl.getElement(WebElementFacadeImpl.java:184)\n\tat net.serenitybdd.core.pages.WebElementExpectations$3.apply(WebElementExpectations.java:63)\n\tat net.serenitybdd.core.pages.WebElementExpectations$3.apply(WebElementExpectations.java:55)\n\tat org.openqa.selenium.support.ui.FluentWait.until(FluentWait.java:205)\n\t... 56 more\n","duration":20490213000,"status":"failed"},"line":9,"name":"I click the place order button","match":{"location":"steps.CheckoutStepdefs.iClickThePlaceOrderButton()"},"keyword":"When "},{"result":{"duration":4257000,"status":"skipped"},"line":10,"name":"I fill out every field \"Laura\", \"UK\", \"Birmingham\", \"1234567890\", \"12\", \"2028\"","match":{"arguments":[{"val":"\"Laura\"","offset":23},{"val":"\"UK\"","offset":32},{"val":"\"Birmingham\"","offset":38},{"val":"\"1234567890\"","offset":52},{"val":"\"12\"","offset":66},{"val":"\"2028\"","offset":72}],"location":"steps.CheckoutStepdefs.iFillOutEveryField(java.lang.String,java.lang.String,java.lang.String,java.lang.String,java.lang.String,java.lang.String)"},"keyword":"And "},{"result":{"duration":4202000,"status":"skipped"},"line":11,"name":"I click on Purchase","match":{"location":"steps.CheckoutStepdefs.iClickOnPurchase()"},"keyword":"And "},{"result":{"duration":6612000,"status":"skipped"},"line":12,"name":"I should receive a pop up confirming my order","match":{"location":"steps.CheckoutStepdefs.iShouldReceiveAPopUpConfirmingMyOrder()"},"keyword":"Then "},{"result":{"duration":6378000,"status":"skipped"},"line":13,"name":"the message should include my details, the order ID, amount, and card number","match":{"location":"steps.CheckoutStepdefs.the_message_should_include_my_details_the_order_id_amount_and_card_number()"},"keyword":"And "}],"tags":[{"name":"@Happy"}]},{"start_timestamp":"2025-11-14T15:23:01.433Z","before":[{"result":{"duration":1513765000,"status":"passed"},"match":{"location":"steps.CartStepDefs.clearCartBeforeScenario()"}}],"line":18,"name":"Checkout is successful","description":"","id":"checkout;checkout-is-successful;;3","type":"scenario","keyword":"Scenario Outline","steps":[{"result":{"duration":2135704000,"status":"passed"},"line":8,"name":"I have a product in cart","match":{"location":"steps.CheckoutStepdefs.iHaveProductInCart()"},"keyword":"Given "},{"result":{"error_message":"net.thucydides.core.webdriver.exceptions.ElementShouldBeEnabledException: Expected enabled element was not enabled\n\tat net.serenitybdd.core.pages.WebElementFacadeImpl.waitUntilEnabled(WebElementFacadeImpl.java:1122)\n\tat net.serenitybdd.core.pages.WebElementFacadeImpl.waitUntilElementAvailable(WebElementFacadeImpl.java:906)\n\tat net.serenitybdd.core.pages.WebElementFacadeImpl.click(WebElementFacadeImpl.java:1204)\n\tat net.serenitybdd.core.pages.WebElementFacadeImpl.click(WebElementFacadeImpl.java:1224)\n\tat java.base/jdk.internal.reflect.DirectMethodHandleAccessor.invoke(DirectMethodHandleAccessor.java:103)\n\tat java.base/java.lang.reflect.Method.invoke(Method.java:580)\n\tat net.thucydides.core.annotations.locators.AbstractSingleItemHandler.invoke(AbstractSingleItemHandler.java:43)\n\tat jdk.proxy2/jdk.proxy2.$Proxy36.click(Unknown Source)\n\tat pages.CheckoutPage.clickPlaceOrderBtn(CheckoutPage.java:66)\n\tat steps.CheckoutStepdefs.iClickThePlaceOrderButton(CheckoutStepdefs.java:30)\n\tat ✽.I click the place order button(file:///Users/khadijahraja/Web-Testing-Framework/src/test/resources/features/Checkout.feature:9)\nCaused by: org.openqa.selenium.TimeoutException: Expected condition failed: waiting for CheckoutPage.placeOrderBtn to be enabled (tried for 15 second(s) with 100 milliseconds interval)\n\tat org.openqa.selenium.support.ui.FluentWait.timeoutException(FluentWait.java:262)\n\tat org.openqa.selenium.support.ui.FluentWait.until(FluentWait.java:230)\n\tat net.serenitybdd.core.pages.WebElementFacadeImpl.waitUntilEnabled(WebElementFacadeImpl.java:1119)\n\tat net.serenitybdd.core.pages.WebElementFacadeImpl.waitUntilElementAvailable(WebElementFacadeImpl.java:906)\n\tat net.serenitybdd.core.pages.WebElementFacadeImpl.click(WebElementFacadeImpl.java:1204)\n\tat net.serenitybdd.core.pages.WebElementFacadeImpl.click(WebElementFacadeImpl.java:1224)\n\tat java.base/jdk.internal.reflect.DirectMethodHandleAccessor.invoke(DirectMethodHandleAccessor.java:103)\n\tat java.base/java.lang.reflect.Method.invoke(Method.java:580)\n\tat net.thucydides.core.annotations.locators.AbstractSingleItemHandler.invoke(AbstractSingleItemHandler.java:43)\n\tat jdk.proxy2/jdk.proxy2.$Proxy36.click(Unknown Source)\n\tat pages.CheckoutPage.clickPlaceOrderBtn(CheckoutPage.java:66)\n\tat steps.CheckoutStepdefs.iClickThePlaceOrderButton(CheckoutStepdefs.java:30)\n\tat java.base/jdk.internal.reflect.DirectMethodHandleAccessor.invoke(DirectMethodHandleAccessor.java:103)\n\tat java.base/java.lang.reflect.Method.invoke(Method.java:580)\n\tat io.cucumber.java.Invoker.doInvoke(Invoker.java:66)\n\tat io.cucumber.java.Invoker.invoke(Invoker.java:24)\n\tat io.cucumber.java.AbstractGlueDefinition.invokeMethod(AbstractGlueDefinition.java:47)\n\tat io.cucumber.java.JavaStepDefinition.execute(JavaStepDefinition.java:29)\n\tat io.cucumber.core.runner.CoreStepDefinition.execute(CoreStepDefinition.java:66)\n\tat io.cucumber.core.runner.PickleStepDefinitionMatch.runStep(PickleStepDefinitionMatch.java:63)\n\tat io.cucumber.core.runner.ExecutionMode$1.execute(ExecutionMode.java:10)\n\tat io.cucumber.core.runner.TestStep.executeStep(TestStep.java:84)\n\tat io.cucumber.core.runner.TestStep.run(TestStep.java:56)\n\tat io.cucumber.core.runner.PickleStepTestStep.run(PickleStepTestStep.java:51)\n\tat io.cucumber.core.runner.TestCase.run(TestCase.java:84)\n\tat io.cucumber.core.runner.Runner.runPickle(Runner.java:75)\n\tat io.cucumber.junit.PickleRunners$NoStepDescriptions.lambda$run$0(PickleRunners.java:151)\n\tat io.cucumber.core.runtime.CucumberExecutionContext.lambda$runTestCase$5(CucumberExecutionContext.java:137)\n\tat io.cucumber.core.runtime.RethrowingThrowableCollector.executeAndThrow(RethrowingThrowableCollector.java:23)\n\tat io.cucumber.core.runtime.CucumberExecutionContext.runTestCase(CucumberExecutionContext.java:137)\n\tat io.cucumber.junit.PickleRunners$NoStepDescriptions.run(PickleRunners.java:148)\n\tat io.cucumber.junit.FeatureRunner.runChild(FeatureRunner.java:144)\n\tat io.cucumber.junit.FeatureRunner.runChild(FeatureRunner.java:28)\n\tat org.junit.runners.ParentRunner$4.run(ParentRunner.java:331)\n\tat org.junit.runners.ParentRunner$1.schedule(ParentRunner.java:79)\n\tat org.junit.runners.ParentRunner.runChildren(ParentRunner.java:329)\n\tat org.junit.runners.ParentRunner.access$100(ParentRunner.java:66)\n\tat org.junit.runners.ParentRunner$2.evaluate(ParentRunner.java:293)\n\tat org.junit.runners.ParentRunner$3.evaluate(ParentRunner.java:306)\n\tat org.junit.runners.ParentRunner.run(ParentRunner.java:413)\n\tat io.cucumber.junit.FeatureRunner.run(FeatureRunner.java:137)\n\tat io.cucumber.junit.CucumberSerenityBaseRunner.runChild(CucumberSerenityBaseRunner.java:330)\n\tat io.cucumber.junit.CucumberSerenityBaseRunner.runChild(CucumberSerenityBaseRunner.java:51)\n\tat org.junit.runners.ParentRunner$4.run(ParentRunner.java:331)\n\tat org.junit.runners.ParentRunner$1.schedule(ParentRunner.java:79)\n\tat org.junit.runners.ParentRunner.runChildren(ParentRunner.java:329)\n\tat org.junit.runners.ParentRunner.access$100(ParentRunner.java:66)\n\tat org.junit.runners.ParentRunner$2.evaluate(ParentRunner.java:293)\n\tat io.cucumber.junit.CucumberSerenityBaseRunner$RunCucumber.evaluate(CucumberSerenityBaseRunner.java:361)\n\tat org.junit.runners.ParentRunner$3.evaluate(ParentRunner.java:306)\n\tat org.junit.runners.ParentRunner.run(ParentRunner.java:413)\n\tat org.junit.runner.JUnitCore.run(JUnitCore.java:137)\n\tat com.intellij.junit4.JUnit4IdeaTestRunner.startRunnerWithArgs(JUnit4IdeaTestRunner.java:69)\n\tat com.intellij.rt.junit.IdeaTestRunner$Repeater$1.execute(IdeaTestRunner.java:38)\n\tat com.intellij.rt.execution.junit.TestsRepeater.repeat(TestsRepeater.java:11)\n\tat com.intellij.rt.junit.IdeaTestRunner$Repeater.startRunnerWithArgs(IdeaTestRunner.java:35)\n\tat com.intellij.rt.junit.JUnitStarter.prepareStreamsAndStart(JUnitStarter.java:231)\n\tat com.intellij.rt.junit.JUnitStarter.main(JUnitStarter.java:55)\nCaused by: org.openqa.selenium.NoSuchElementException: Timed out after 10 seconds. Element not found\nFor documentation on this error, please visit: https://www.selenium.dev/documentation/webdriver/troubleshooting/errors#no-such-element-exception\nBuild info: version: '4.10.0', revision: 'c14d967899'\nSystem info: os.name: 'Mac OS X', os.arch: 'aarch64', os.version: '14.6.1', java.version: '21.0.8'\nDriver info: driver.version: unknown\n\tat net.thucydides.core.annotations.locators.SmartAjaxElementLocator.ajaxFindElement(SmartAjaxElementLocator.java:164)\n\tat net.thucydides.core.annotations.locators.SmartAjaxElementLocator.findElement(SmartAjaxElementLocator.java:116)\n\tat net.serenitybdd.core.pages.WebElementResolverByElementLocator.resolveForDriver(WebElementResolverByElementLocator.java:29)\n\tat net.serenitybdd.core.pages.WebElementFacadeImpl.getResolvedElement(WebElementFacadeImpl.java:189)\n\tat net.serenitybdd.core.pages.WebElementFacadeImpl.getElement(WebElementFacadeImpl.java:184)\n\tat net.serenitybdd.core.pages.WebElementExpectations$3.apply(WebElementExpectations.java:63)\n\tat net.serenitybdd.core.pages.WebElementExpectations$3.apply(WebElementExpectations.java:55)\n\tat org.openqa.selenium.support.ui.FluentWait.until(FluentWait.java:205)\n\t... 56 more\n","duration":20378038000,"status":"failed"},"line":9,"name":"I click the place order button","match":{"location":"steps.CheckoutStepdefs.iClickThePlaceOrderButton()"},"keyword":"When "},{"result":{"duration":2666000,"status":"skipped"},"line":10,"name":"I fill out every field \"Alice\", \"UK\", \"London\", \"9876543210\", \"06\", \"2027\"","match":{"arguments":[{"val":"\"Alice\"","offset":23},{"val":"\"UK\"","offset":32},{"val":"\"London\"","offset":38},{"val":"\"9876543210\"","offset":48},{"val":"\"06\"","offset":62},{"val":"\"2027\"","offset":68}],"location":"steps.CheckoutStepdefs.iFillOutEveryField(java.lang.String,java.lang.String,java.lang.String,java.lang.String,java.lang.String,java.lang.String)"},"keyword":"And "},{"result":{"duration":3076000,"status":"skipped"},"line":11,"name":"I click on Purchase","match":{"location":"steps.CheckoutStepdefs.iClickOnPurchase()"},"keyword":"And "},{"result":{"duration":3695000,"status":"skipped"},"line":12,"name":"I should receive a pop up confirming my order","match":{"location":"steps.CheckoutStepdefs.iShouldReceiveAPopUpConfirmingMyOrder()"},"keyword":"Then "},{"result":{"duration":2976000,"status":"skipped"},"line":13,"name":"the message should include my details, the order ID, amount, and card number","match":{"location":"steps.CheckoutStepdefs.the_message_should_include_my_details_the_order_id_amount_and_card_number()"},"keyword":"And "}],"tags":[{"name":"@Happy"}]},{"start_timestamp":"2025-11-14T15:23:25.917Z","before":[{"result":{"duration":2129145000,"status":"passed"},"match":{"location":"steps.CartStepDefs.clearCartBeforeScenario()"}}],"line":19,"name":"Checkout is successful","description":"","id":"checkout;checkout-is-successful;;4","type":"scenario","keyword":"Scenario Outline","steps":[{"result":{"duration":1964348000,"status":"passed"},"line":8,"name":"I have a product in cart","match":{"location":"steps.CheckoutStepdefs.iHaveProductInCart()"},"keyword":"Given "},{"result":{"duration":76559000,"status":"passed"},"line":9,"name":"I click the place order button","match":{"location":"steps.CheckoutStepdefs.iClickThePlaceOrderButton()"},"keyword":"When "},{"result":{"duration":703755000,"status":"passed"},"line":10,"name":"I fill out every field \"Bob\", \"Canada\", \"Toronto\", \"5555555555\", \"11\", \"2024\"","match":{"arguments":[{"val":"\"Bob\"","offset":23},{"val":"\"Canada\"","offset":30},{"val":"\"Toronto\"","offset":40},{"val":"\"5555555555\"","offset":51},{"val":"\"11\"","offset":65},{"val":"\"2024\"","offset":71}],"location":"steps.CheckoutStepdefs.iFillOutEveryField(java.lang.String,java.lang.String,java.lang.String,java.lang.String,java.lang.String,java.lang.String)"},"keyword":"And "},{"result":{"duration":92637000,"status":"passed"},"line":11,"name":"I click on Purchase","match":{"location":"steps.CheckoutStepdefs.iClickOnPurchase()"},"keyword":"And "},{"result":{"duration":19959000,"status":"passed"},"line":12,"name":"I should receive a pop up confirming my order","match":{"location":"steps.CheckoutStepdefs.iShouldReceiveAPopUpConfirmingMyOrder()"},"keyword":"Then "},{"result":{"duration":68100000,"status":"passed"},"line":13,"name":"the message should include my details, the order ID, amount, and card number","match":{"location":"steps.CheckoutStepdefs.the_message_should_include_my_details_the_order_id_amount_and_card_number()"},"keyword":"And "}],"tags":[{"name":"@Happy"}]},{"start_timestamp":"2025-11-14T15:23:31.740Z","before":[{"result":{"duration":1385465000,"status":"passed"},"match":{"location":"steps.CartStepDefs.clearCartBeforeScenario()"}}],"line":22,"name":"User tries to place an order without entering Name and Credit Card","description":"","id":"checkout;user-tries-to-place-an-order-without-entering-name-and-credit-card","type":"scenario","keyword":"Scenario","steps":[{"result":{"duration":1917755000,"status":"passed"},"line":23,"name":"I have a product in cart","match":{"location":"steps.CheckoutStepdefs.iHaveProductInCart()"},"keyword":"Given "},{"result":{"duration":185543000,"status":"passed"},"line":24,"name":"I click the place order button","match":{"location":"steps.CheckoutStepdefs.iClickThePlaceOrderButton()"},"keyword":"When "},{"result":{"duration":104636000,"status":"passed"},"line":25,"name":"I leave \"Name\" blank","match":{"arguments":[{"val":"\"Name\"","offset":8}],"location":"steps.CheckoutStepdefs.iLeaveFieldBlank(java.lang.String)"},"keyword":"And "},{"result":{"duration":51195000,"status":"passed"},"line":26,"name":"I leave \"Credit Card\" blank","match":{"arguments":[{"val":"\"Credit Card\"","offset":8}],"location":"steps.CheckoutStepdefs.iLeaveFieldBlank(java.lang.String)"},"keyword":"And "},{"result":{"duration":84624000,"status":"passed"},"line":27,"name":"I click on Purchase","match":{"location":"steps.CheckoutStepdefs.iClickOnPurchase()"},"keyword":"And "},{"result":{"duration":8147000,"status":"passed"},"line":28,"name":"the system should display an alert \"Please fill out Name and Creditcard.\"","match":{"arguments":[{"val":"\"Please fill out Name and Creditcard.\"","offset":35}],"location":"steps.CheckoutStepdefs.theSystemShouldDisplayAlert(java.lang.String)"},"keyword":"Then "}],"tags":[{"name":"@Negative"}]},{"start_timestamp":"2025-11-14T15:23:36.306Z","before":[{"result":{"duration":1603774000,"status":"passed"},"match":{"location":"steps.CartStepDefs.clearCartBeforeScenario()"}}],"line":31,"name":"Checkout works with empty cart","description":"","id":"checkout;checkout-works-with-empty-cart","type":"scenario","keyword":"Scenario","steps":[{"result":{"duration":835858000,"status":"passed"},"line":32,"name":"the cart is empty and checkout is opened","match":{"location":"steps.CheckoutStepdefs.theCartIsEmptyAndCheckoutIsOpened()"},"keyword":"Given "},{"result":{"error_message":"org.openqa.selenium.ElementNotInteractableException: Timed out after 10 seconds. Element not available\nBuild info: version: '4.10.0', revision: 'c14d967899'\nSystem info: os.name: 'Mac OS X', os.arch: 'aarch64', os.version: '14.6.1', java.version: '21.0.8'\nDriver info: driver.version: unknown\n\tat net.thucydides.core.annotations.locators.SmartAjaxElementLocator.ajaxFindElement(SmartAjaxElementLocator.java:161)\n\tat net.thucydides.core.annotations.locators.SmartAjaxElementLocator.findElement(SmartAjaxElementLocator.java:116)\n\tat net.serenitybdd.core.pages.WebElementResolverByElementLocator.resolveForDriver(WebElementResolverByElementLocator.java:29)\n\tat net.serenitybdd.core.pages.WebElementFacadeImpl.getResolvedElement(WebElementFacadeImpl.java:189)\n\tat net.serenitybdd.core.pages.WebElementFacadeImpl.getElement(WebElementFacadeImpl.java:184)\n\tat net.serenitybdd.core.pages.WebElementFacadeImpl.lambda$type$2(WebElementFacadeImpl.java:744)\n\tat net.serenitybdd.core.pages.WithRetries.perform(WithRetries.java:22)\n\tat net.serenitybdd.core.pages.WithRetries.perform(WithRetries.java:27)\n\tat net.serenitybdd.core.pages.WithRetries.perform(WithRetries.java:27)\n\tat net.serenitybdd.core.pages.WithRetries.perform(WithRetries.java:27)\n\tat net.serenitybdd.core.pages.WithRetries.perform(WithRetries.java:27)\n\tat net.serenitybdd.core.pages.WithRetries.perform(WithRetries.java:27)\n\tat net.serenitybdd.core.pages.WithRetries.perform(WithRetries.java:27)\n\tat net.serenitybdd.core.pages.WithRetries.perform(WithRetries.java:27)\n\tat net.serenitybdd.core.pages.WithRetries.perform(WithRetries.java:27)\n\tat net.serenitybdd.core.pages.WithRetries.perform(WithRetries.java:27)\n\tat net.serenitybdd.core.pages.WithRetries.perform(WithRetries.java:27)\n\tat net.serenitybdd.core.pages.WithRetries.perform(WithRetries.java:27)\n\tat net.serenitybdd.core.pages.WebElementFacadeImpl.type(WebElementFacadeImpl.java:743)\n\tat java.base/jdk.internal.reflect.DirectMethodHandleAccessor.invoke(DirectMethodHandleAccessor.java:103)\n\tat java.base/java.lang.reflect.Method.invoke(Method.java:580)\n\tat net.thucydides.core.annotations.locators.AbstractSingleItemHandler.invoke(AbstractSingleItemHandler.java:43)\n\tat jdk.proxy2/jdk.proxy2.$Proxy36.type(Unknown Source)\n\tat pages.CheckoutPage.enterName(CheckoutPage.java:69)\n\tat steps.CheckoutStepdefs.theUserEntersAnd(CheckoutStepdefs.java:92)\n\tat ✽.I enter name and credit card details(file:///Users/khadijahraja/Web-Testing-Framework/src/test/resources/features/Checkout.feature:33)\n","duration":124870472000,"status":"failed"},"line":33,"name":"I enter name and credit card details","match":{"location":"steps.CheckoutStepdefs.theUserEntersAnd()"},"keyword":"When "},{"result":{"duration":11051000,"status":"skipped"},"line":34,"name":"I click purchase","match":{"location":"steps.CheckoutStepdefs.theUserClicks()"},"keyword":"And "},{"result":{"duration":2751000,"status":"skipped"},"line":35,"name":"a confirmation popup should appear","match":{"location":"steps.CheckoutStepdefs.aConfirmationPopupShouldAppear()"},"keyword":"Then "},{"result":{"duration":1743000,"status":"skipped"},"line":36,"name":"the message should include order ID, amount, and card number","match":{"location":"steps.CheckoutStepdefs.theMessageShouldIncludeOrderIDAmountAndCardNumber()"},"keyword":"And "}],"tags":[{"name":"@Negative"},{"name":"@KnownDefect"}]}],"name":"Checkout","description":"  In order to successfully purchase items\n  As a registered user\n  I want to be able to place an order and receive confirmation","id":"checkout","keyword":"Feature","uri":"file:src/test/resources/features/Checkout.feature","tags":[]},{"line":1,"elements":[{"start_timestamp":"2025-11-14T15:25:44.320Z","before":[{"result":{"duration":2197818000,"status":"passed"},"match":{"location":"steps.CartStepDefs.clearCartBeforeScenario()"}}],"line":9,"name":"Submit valid contact messages using Data Table","description":"","id":"contact-form;submit-valid-contact-messages-using-data-table","type":"scenario","keyword":"Scenario","steps":[{"result":{"duration":681319000,"status":"passed"},"line":10,"name":"I am on the home page for contact form","match":{"location":"steps.ContactStepdefs.iAmOnTheHomePageForContactForm()"},"keyword":"Given "},{"result":{"duration":1166937000,"status":"passed"},"line":11,"name":"I have clicked on the \"Contact\" link","match":{"arguments":[{"val":"\"Contact\"","offset":22}],"location":"steps.ContactStepdefs.iHaveClickedOnTheLink(java.lang.String)"},"keyword":"And "},{"result":{"duration":3469008000,"status":"passed"},"line":12,"name":"I enter the following contact information","match":{"location":"steps.ContactStepdefs.iEnterTheFollowingContactInformation(io.cucumber.datatable.DataTable)"},"rows":[{"cells":["email","name","message"]},{"cells":["testuser1@example.com","Priya","I would like to know more about your products."]},{"cells":["testuser2@example.com","Raj","Can you provide pricing details?"]}],"keyword":"And "},{"result":{"duration":103870000,"status":"passed"},"line":16,"name":"I click the \"Send message\" button","match":{"arguments":[{"val":"\"Send message\"","offset":12}],"location":"steps.ContactStepdefs.iClickTheButton(java.lang.String)"},"keyword":"When "},{"result":{"duration":46987000,"status":"passed"},"line":17,"name":"I should see a popup message saying \"Thanks for the message!\"","match":{"arguments":[{"val":"\"Thanks for the message!\"","offset":36}],"location":"steps.SignUpStepDefs.iShouldSeeAPopupMessageSaying(java.lang.String)"},"keyword":"Then "}],"tags":[{"name":"@Happy"}]},{"start_timestamp":"2025-11-14T15:25:52.780Z","before":[{"result":{"duration":1572629000,"status":"passed"},"match":{"location":"steps.CartStepDefs.clearCartBeforeScenario()"}}],"line":19,"name":"Close button hides the Contact page","description":"","id":"contact-form;close-button-hides-the-contact-page","type":"scenario","keyword":"Scenario","steps":[{"result":{"duration":120465000,"status":"passed"},"line":20,"name":"I am on the home page for contact form","match":{"location":"steps.ContactStepdefs.iAmOnTheHomePageForContactForm()"},"keyword":"Given "},{"result":{"duration":1164311000,"status":"passed"},"line":21,"name":"I have clicked on the \"Contact\" link","match":{"arguments":[{"val":"\"Contact\"","offset":22}],"location":"steps.ContactStepdefs.iHaveClickedOnTheLink(java.lang.String)"},"keyword":"And "},{"result":{"duration":65657000,"status":"passed"},"line":22,"name":"I click the \"Close\" button","match":{"arguments":[{"val":"\"Close\"","offset":12}],"location":"steps.ContactStepdefs.iClickTheButton(java.lang.String)"},"keyword":"When "},{"result":{"duration":11085344000,"status":"passed"},"line":23,"name":"the Contact page should not be visible","match":{"location":"steps.ContactStepdefs.theContactPageShouldNotBeVisible()"},"keyword":"Then "}]},{"start_timestamp":"2025-11-14T15:26:07.765Z","before":[{"result":{"duration":1485202000,"status":"passed"},"match":{"location":"steps.CartStepDefs.clearCartBeforeScenario()"}}],"line":26,"name":"Contact form submits successfully with empty fields","description":"","id":"contact-form;contact-form-submits-successfully-with-empty-fields","type":"scenario","keyword":"Scenario","steps":[{"result":{"duration":665558000,"status":"passed"},"line":27,"name":"I am on the home page for contact form","match":{"location":"steps.ContactStepdefs.iAmOnTheHomePageForContactForm()"},"keyword":"Given "},{"result":{"duration":1174468000,"status":"passed"},"line":28,"name":"I have clicked on the \"Contact\" link","match":{"arguments":[{"val":"\"Contact\"","offset":22}],"location":"steps.ContactStepdefs.iHaveClickedOnTheLink(java.lang.String)"},"keyword":"And "},{"result":{"duration":2277000,"status":"passed"},"line":29,"name":"I leave all fields (email, name, message) empty","match":{"location":"steps.ContactStepdefs.iLeaveAllFieldsEmailNameMessageEmpty()"},"keyword":"When "},{"result":{"duration":73116000,"status":"passed"},"line":30,"name":"I click the \"Send message\" button","match":{"arguments":[{"val":"\"Send message\"","offset":12}],"location":"steps.ContactStepdefs.iClickTheButton(java.lang.String)"},"keyword":"And "},{"result":{"duration":14679000,"status":"passed"},"line":31,"name":"a popup saying \"Thanks for the message!\" should appear","match":{"arguments":[{"val":"\"Thanks for the message!\"","offset":15}],"location":"steps.ContactStepdefs.aPopupSayingShouldAppear(java.lang.String)"},"keyword":"Then "}],"tags":[{"name":"@Negative"},{"name":"@KnownDefect"}]}],"name":"Contact Form","description":"  In order to communicate with customer support\n  As a user of the website\n  I want to be able to send a message using the Contact form","id":"contact-form","keyword":"Feature","uri":"file:src/test/resources/features/ContactForm.feature","tags":[]},{"line":1,"elements":[{"start_timestamp":"2025-11-14T15:26:11.890Z","before":[{"result":{"duration":1447871000,"status":"passed"},"match":{"location":"steps.CartStepDefs.clearCartBeforeScenario()"}}],"line":8,"name":"Login with valid username and valid password","description":"","id":"login;login-with-valid-username-and-valid-password","type":"scenario","keyword":"Scenario","steps":[{"result":{"duration":534225000,"status":"passed"},"line":9,"name":"I am on the home page for logging in","match":{"location":"steps.LoginStepdefs.iAmOnTheHomePageForLoggingIn()"},"keyword":"Given "},{"result":{"duration":148383000,"status":"passed"},"line":10,"name":"have clicked on the login button","match":{"location":"steps.LoginStepdefs.haveClickedOnTheLoginButton()"},"keyword":"And "},{"result":{"duration":221655000,"status":"passed"},"line":11,"name":"I entered the username \"goodtest\"","match":{"arguments":[{"val":"\"goodtest\"","offset":23}],"location":"steps.LoginStepdefs.iEnteredTheUsername(java.lang.String)"},"keyword":"And "},{"result":{"duration":59334000,"status":"passed"},"line":12,"name":"I entered the password  \"password\"","match":{"arguments":[{"val":"\"password\"","offset":24}],"location":"steps.LoginStepdefs.iEnteredThePassword(java.lang.String)"},"keyword":"And "},{"result":{"duration":64260000,"status":"passed"},"line":13,"name":"I click the login button","match":{"location":"steps.LoginStepdefs.iClickTheLoginButton()"},"keyword":"When "},{"result":{"duration":7352000,"status":"passed"},"line":14,"name":"I should return to the home page","match":{"location":"steps.LoginStepdefs.iShouldReturnToTheHomePage()"},"keyword":"Then "},{"result":{"error_message":"org.openqa.selenium.ElementNotInteractableException: Timed out after 10 seconds. Element not available\nBuild info: version: '4.10.0', revision: 'c14d967899'\nSystem info: os.name: 'Mac OS X', os.arch: 'aarch64', os.version: '14.6.1', java.version: '21.0.8'\nDriver info: driver.version: unknown\n\tat net.thucydides.core.annotations.locators.SmartAjaxElementLocator.ajaxFindElement(SmartAjaxElementLocator.java:161)\n\tat net.thucydides.core.annotations.locators.SmartAjaxElementLocator.findElement(SmartAjaxElementLocator.java:116)\n\tat net.serenitybdd.core.pages.WebElementResolverByElementLocator.resolveForDriver(WebElementResolverByElementLocator.java:29)\n\tat net.serenitybdd.core.pages.WebElementFacadeImpl.getResolvedElement(WebElementFacadeImpl.java:189)\n\tat net.serenitybdd.core.pages.WebElementFacadeImpl.getElement(WebElementFacadeImpl.java:184)\n\tat net.serenitybdd.core.pages.WebElementFacadeImpl.isDisplayed(WebElementFacadeImpl.java:1321)\n\tat java.base/jdk.internal.reflect.DirectMethodHandleAccessor.invoke(DirectMethodHandleAccessor.java:103)\n\tat java.base/java.lang.reflect.Method.invoke(Method.java:580)\n\tat net.thucydides.core.annotations.locators.AbstractSingleItemHandler.invoke(AbstractSingleItemHandler.java:43)\n\tat jdk.proxy2/jdk.proxy2.$Proxy36.isDisplayed(Unknown Source)\n\tat pages.HomePage.isUserLoggedIn(HomePage.java:66)\n\tat steps.LoginStepdefs.lambda$myUsernameShouldBeVisibleOnTheNavbar$0(LoginStepdefs.java:54)\n\tat org.openqa.selenium.support.ui.FluentWait.until(FluentWait.java:205)\n\tat steps.LoginStepdefs.myUsernameShouldBeVisibleOnTheNavbar(LoginStepdefs.java:54)\n\tat ✽.my username should be visible on the navbar(file:///Users/khadijahraja/Web-Testing-Framework/src/test/resources/features/Login.feature:15)\n","duration":10106580000,"status":"failed"},"line":15,"name":"my username should be visible on the navbar","match":{"location":"steps.LoginStepdefs.myUsernameShouldBeVisibleOnTheNavbar()"},"keyword":"And "}],"tags":[{"name":"@Happy"}]},{"start_timestamp":"2025-11-14T15:26:25.635Z","before":[{"result":{"duration":2072224000,"status":"passed"},"match":{"location":"steps.CartStepDefs.clearCartBeforeScenario()"}}],"line":19,"name":"Login with an invalid username and valid password","description":"","id":"login;login-with-an-invalid-username-and-valid-password","type":"scenario","keyword":"Scenario","steps":[{"result":{"duration":889337000,"status":"passed"},"line":20,"name":"I am on the home page for logging in","match":{"location":"steps.LoginStepdefs.iAmOnTheHomePageForLoggingIn()"},"keyword":"Given "},{"result":{"duration":96788000,"status":"passed"},"line":21,"name":"have clicked on the login button","match":{"location":"steps.LoginStepdefs.haveClickedOnTheLoginButton()"},"keyword":"And "},{"result":{"duration":119767000,"status":"passed"},"line":22,"name":"I entered the username \"invalidusername\"","match":{"arguments":[{"val":"\"invalidusername\"","offset":23}],"location":"steps.LoginStepdefs.iEnteredTheUsername(java.lang.String)"},"keyword":"And "},{"result":{"duration":50787000,"status":"passed"},"line":23,"name":"I entered the password  \"password\"","match":{"arguments":[{"val":"\"password\"","offset":24}],"location":"steps.LoginStepdefs.iEnteredThePassword(java.lang.String)"},"keyword":"And "},{"result":{"duration":58075000,"status":"passed"},"line":24,"name":"I click the login button","match":{"location":"steps.LoginStepdefs.iClickTheLoginButton()"},"keyword":"When "},{"result":{"error_message":"org.openqa.selenium.NoAlertPresentException: no such alert\n  (Session info: chrome=142.0.7444.162)\nBuild info: version: '4.10.0', revision: 'c14d967899'\nSystem info: os.name: 'Mac OS X', os.arch: 'aarch64', os.version: '14.6.1', java.version: '21.0.8'\nDriver info: org.openqa.selenium.chrome.ChromeDriver\nCommand: [f5a77804945f246df8ba8940627611ce, getAlertText {}]\nCapabilities {acceptInsecureCerts: false, browserName: chrome, browserVersion: 142.0.7444.162, chrome: {chromedriverVersion: 142.0.7444.162 (c076baf266c..., userDataDir: /var/folders/j4/7vx5hh3x16g...}, fedcm:accounts: true, goog:chromeOptions: {debuggerAddress: localhost:51084}, goog:processID: 47604, networkConnectionEnabled: false, pageLoadStrategy: normal, platformName: mac, proxy: Proxy(), se:cdp: ws://localhost:51084/devtoo..., se:cdpVersion: 142.0.7444.162, setWindowRect: true, strictFileInteractability: false, timeouts: {implicit: 0, pageLoad: 300000, script: 30000}, unhandledPromptBehavior: dismiss and notify, webauthn:extension:credBlob: true, webauthn:extension:largeBlob: true, webauthn:extension:minPinLength: true, webauthn:extension:prf: true, webauthn:virtualAuthenticators: true}\nSession ID: f5a77804945f246df8ba8940627611ce\n\tat java.base/jdk.internal.reflect.DirectConstructorHandleAccessor.newInstance(DirectConstructorHandleAccessor.java:62)\n\tat java.base/java.lang.reflect.Constructor.newInstanceWithCaller(Constructor.java:502)\n\tat java.base/java.lang.reflect.Constructor.newInstance(Constructor.java:486)\n\tat org.openqa.selenium.remote.codec.w3c.W3CHttpResponseCodec.createException(W3CHttpResponseCodec.java:199)\n\tat org.openqa.selenium.remote.codec.w3c.W3CHttpResponseCodec.decode(W3CHttpResponseCodec.java:132)\n\tat org.openqa.selenium.remote.codec.w3c.W3CHttpResponseCodec.decode(W3CHttpResponseCodec.java:51)\n\tat org.openqa.selenium.remote.HttpCommandExecutor.execute(HttpCommandExecutor.java:191)\n\tat org.openqa.selenium.remote.service.DriverCommandExecutor.invokeExecute(DriverCommandExecutor.java:196)\n\tat org.openqa.selenium.remote.service.DriverCommandExecutor.execute(DriverCommandExecutor.java:171)\n\tat org.openqa.selenium.remote.RemoteWebDriver.execute(RemoteWebDriver.java:531)\n\tat org.openqa.selenium.remote.RemoteWebDriver.execute(RemoteWebDriver.java:590)\n\tat org.openqa.selenium.remote.RemoteWebDriver.execute(RemoteWebDriver.java:594)\n\tat org.openqa.selenium.remote.RemoteWebDriver$RemoteTargetLocator.alert(RemoteWebDriver.java:1084)\n\tat steps.LoginStepdefs.iShouldSeeAPopUpSayingUserDoesNotExist(LoginStepdefs.java:61)\n\tat ✽.I should see a pop up saying user does not exist(file:///Users/khadijahraja/Web-Testing-Framework/src/test/resources/features/Login.feature:25)\n","duration":3299000,"status":"failed"},"line":25,"name":"I should see a pop up saying user does not exist","match":{"location":"steps.LoginStepdefs.iShouldSeeAPopUpSayingUserDoesNotExist()"},"keyword":"Then "}],"tags":[{"name":"@Sad"}]},{"start_timestamp":"2025-11-14T15:26:29.972Z","before":[{"result":{"duration":1314491000,"status":"passed"},"match":{"location":"steps.CartStepDefs.clearCartBeforeScenario()"}}],"line":29,"name":"Login with an valid username and invalid password","description":"","id":"login;login-with-an-valid-username-and-invalid-password","type":"scenario","keyword":"Scenario","steps":[{"result":{"duration":467722000,"status":"passed"},"line":30,"name":"I am on the home page for logging in","match":{"location":"steps.LoginStepdefs.iAmOnTheHomePageForLoggingIn()"},"keyword":"Given "},{"result":{"duration":164740000,"status":"passed"},"line":31,"name":"have clicked on the login button","match":{"location":"steps.LoginStepdefs.haveClickedOnTheLoginButton()"},"keyword":"And "},{"result":{"duration":124580000,"status":"passed"},"line":32,"name":"I entered the username \"invalid\"","match":{"arguments":[{"val":"\"invalid\"","offset":23}],"location":"steps.LoginStepdefs.iEnteredTheUsername(java.lang.String)"},"keyword":"And "},{"result":{"duration":47661000,"status":"passed"},"line":33,"name":"I entered the password  \"password\"","match":{"arguments":[{"val":"\"password\"","offset":24}],"location":"steps.LoginStepdefs.iEnteredThePassword(java.lang.String)"},"keyword":"And "},{"result":{"duration":62312000,"status":"passed"},"line":34,"name":"I click the login button","match":{"location":"steps.LoginStepdefs.iClickTheLoginButton()"},"keyword":"When "},{"result":{"error_message":"org.openqa.selenium.NoAlertPresentException: no such alert\n  (Session info: chrome=142.0.7444.162)\nBuild info: version: '4.10.0', revision: 'c14d967899'\nSystem info: os.name: 'Mac OS X', os.arch: 'aarch64', os.version: '14.6.1', java.version: '21.0.8'\nDriver info: org.openqa.selenium.chrome.ChromeDriver\nCommand: [b255725a5bd4e07ee9d30c391ae0e3bd, getAlertText {}]\nCapabilities {acceptInsecureCerts: false, browserName: chrome, browserVersion: 142.0.7444.162, chrome: {chromedriverVersion: 142.0.7444.162 (c076baf266c..., userDataDir: /var/folders/j4/7vx5hh3x16g...}, fedcm:accounts: true, goog:chromeOptions: {debuggerAddress: localhost:51104}, goog:processID: 47625, networkConnectionEnabled: false, pageLoadStrategy: normal, platformName: mac, proxy: Proxy(), se:cdp: ws://localhost:51104/devtoo..., se:cdpVersion: 142.0.7444.162, setWindowRect: true, strictFileInteractability: false, timeouts: {implicit: 0, pageLoad: 300000, script: 30000}, unhandledPromptBehavior: dismiss and notify, webauthn:extension:credBlob: true, webauthn:extension:largeBlob: true, webauthn:extension:minPinLength: true, webauthn:extension:prf: true, webauthn:virtualAuthenticators: true}\nSession ID: b255725a5bd4e07ee9d30c391ae0e3bd\n\tat java.base/jdk.internal.reflect.DirectConstructorHandleAccessor.newInstance(DirectConstructorHandleAccessor.java:62)\n\tat java.base/java.lang.reflect.Constructor.newInstanceWithCaller(Constructor.java:502)\n\tat java.base/java.lang.reflect.Constructor.newInstance(Constructor.java:486)\n\tat org.openqa.selenium.remote.codec.w3c.W3CHttpResponseCodec.createException(W3CHttpResponseCodec.java:199)\n\tat org.openqa.selenium.remote.codec.w3c.W3CHttpResponseCodec.decode(W3CHttpResponseCodec.java:132)\n\tat org.openqa.selenium.remote.codec.w3c.W3CHttpResponseCodec.decode(W3CHttpResponseCodec.java:51)\n\tat org.openqa.selenium.remote.HttpCommandExecutor.execute(HttpCommandExecutor.java:191)\n\tat org.openqa.selenium.remote.service.DriverCommandExecutor.invokeExecute(DriverCommandExecutor.java:196)\n\tat org.openqa.selenium.remote.service.DriverCommandExecutor.execute(DriverCommandExecutor.java:171)\n\tat org.openqa.selenium.remote.RemoteWebDriver.execute(RemoteWebDriver.java:531)\n\tat org.openqa.selenium.remote.RemoteWebDriver.execute(RemoteWebDriver.java:590)\n\tat org.openqa.selenium.remote.RemoteWebDriver.execute(RemoteWebDriver.java:594)\n\tat org.openqa.selenium.remote.RemoteWebDriver$RemoteTargetLocator.alert(RemoteWebDriver.java:1084)\n\tat steps.LoginStepdefs.iShouldSeeAPopUpSayingWrongPassword(LoginStepdefs.java:70)\n\tat ✽.I should see a pop up saying wrong password(file:///Users/khadijahraja/Web-Testing-Framework/src/test/resources/features/Login.feature:35)\n","duration":4566000,"status":"failed"},"line":35,"name":"I should see a pop up saying wrong password","match":{"location":"steps.LoginStepdefs.iShouldSeeAPopUpSayingWrongPassword()"},"keyword":"Then "}],"tags":[{"name":"@Sad"}]},{"start_timestamp":"2025-11-14T15:26:32.965Z","before":[{"result":{"duration":1159965000,"status":"passed"},"match":{"location":"steps.CartStepDefs.clearCartBeforeScenario()"}}],"line":39,"name":"Login with an empty username field and a valid password","description":"","id":"login;login-with-an-empty-username-field-and-a-valid-password","type":"scenario","keyword":"Scenario","steps":[{"result":{"duration":553862000,"status":"passed"},"line":40,"name":"I am on the home page for logging in","match":{"location":"steps.LoginStepdefs.iAmOnTheHomePageForLoggingIn()"},"keyword":"Given "},{"result":{"duration":171690000,"status":"passed"},"line":41,"name":"have clicked on the login button","match":{"location":"steps.LoginStepdefs.haveClickedOnTheLoginButton()"},"keyword":"And "},{"result":{"duration":84866000,"status":"passed"},"line":42,"name":"I leave the username field blank","match":{"location":"steps.LoginStepdefs.iLeaveTheUsernameFieldBlank()"},"keyword":"And "},{"result":{"duration":115762000,"status":"passed"},"line":43,"name":"I entered the password  \"password\"","match":{"arguments":[{"val":"\"password\"","offset":24}],"location":"steps.LoginStepdefs.iEnteredThePassword(java.lang.String)"},"keyword":"And "},{"result":{"duration":68889000,"status":"passed"},"line":44,"name":"I click the login button","match":{"location":"steps.LoginStepdefs.iClickTheLoginButton()"},"keyword":"When "},{"result":{"duration":13614000,"status":"passed"},"line":45,"name":"I should see a pop up telling me to fill out Username and password","match":{"location":"steps.LoginStepdefs.iShouldSeeAPopUpTellingMeToFillOutUsernameAndPassword()"},"keyword":"Then "}],"tags":[{"name":"@Sad"}]},{"start_timestamp":"2025-11-14T15:26:35.928Z","before":[{"result":{"duration":1295822000,"status":"passed"},"match":{"location":"steps.CartStepDefs.clearCartBeforeScenario()"}}],"line":48,"name":"Login with an valid username and empty password field","description":"","id":"login;login-with-an-valid-username-and-empty-password-field","type":"scenario","keyword":"Scenario","steps":[{"result":{"duration":740972000,"status":"passed"},"line":49,"name":"I am on the home page for logging in","match":{"location":"steps.LoginStepdefs.iAmOnTheHomePageForLoggingIn()"},"keyword":"Given "},{"result":{"duration":194845000,"status":"passed"},"line":50,"name":"have clicked on the login button","match":{"location":"steps.LoginStepdefs.haveClickedOnTheLoginButton()"},"keyword":"And "},{"result":{"duration":197000000,"status":"passed"},"line":51,"name":"I entered the username \"username\"","match":{"arguments":[{"val":"\"username\"","offset":23}],"location":"steps.LoginStepdefs.iEnteredTheUsername(java.lang.String)"},"keyword":"And "},{"result":{"duration":66808000,"status":"passed"},"line":52,"name":"I leave the password field blank","match":{"location":"steps.LoginStepdefs.iLeaveThePasswordFieldBlank()"},"keyword":"And "},{"result":{"duration":82850000,"status":"passed"},"line":53,"name":"I click the login button","match":{"location":"steps.LoginStepdefs.iClickTheLoginButton()"},"keyword":"When "},{"result":{"duration":23458000,"status":"passed"},"line":54,"name":"I should see a pop up telling me to fill out Username and password","match":{"location":"steps.LoginStepdefs.iShouldSeeAPopUpTellingMeToFillOutUsernameAndPassword()"},"keyword":"Then "}],"tags":[{"name":"@Sad"}]},{"start_timestamp":"2025-11-14T15:26:39.428Z","before":[{"result":{"duration":1200590000,"status":"passed"},"match":{"location":"steps.CartStepDefs.clearCartBeforeScenario()"}}],"line":58,"name":"Logout","description":"","id":"login;logout","type":"scenario","keyword":"Scenario","steps":[{"result":{"error_message":"org.openqa.selenium.ElementNotInteractableException: Timed out after 10 seconds. Element not available\nBuild info: version: '4.10.0', revision: 'c14d967899'\nSystem info: os.name: 'Mac OS X', os.arch: 'aarch64', os.version: '14.6.1', java.version: '21.0.8'\nDriver info: driver.version: unknown\n\tat net.thucydides.core.annotations.locators.SmartAjaxElementLocator.ajaxFindElement(SmartAjaxElementLocator.java:161)\n\tat net.thucydides.core.annotations.locators.SmartAjaxElementLocator.findElement(SmartAjaxElementLocator.java:116)\n\tat net.serenitybdd.core.pages.WebElementResolverByElementLocator.resolveForDriver(WebElementResolverByElementLocator.java:29)\n\tat net.serenitybdd.core.pages.WebElementFacadeImpl.getResolvedElement(WebElementFacadeImpl.java:189)\n\tat net.serenitybdd.core.pages.WebElementFacadeImpl.getElement(WebElementFacadeImpl.java:184)\n\tat net.serenitybdd.core.pages.WebElementFacadeImpl.isDisplayed(WebElementFacadeImpl.java:1321)\n\tat java.base/jdk.internal.reflect.DirectMethodHandleAccessor.invoke(DirectMethodHandleAccessor.java:103)\n\tat java.base/java.lang.reflect.Method.invoke(Method.java:580)\n\tat net.thucydides.core.annotations.locators.AbstractSingleItemHandler.invoke(AbstractSingleItemHandler.java:43)\n\tat jdk.proxy2/jdk.proxy2.$Proxy36.isDisplayed(Unknown Source)\n\tat pages.HomePage.isUserLoggedIn(HomePage.java:66)\n\tat steps.LoginStepdefs.lambda$iAmLoggedInAlready$0(LoginStepdefs.java:107)\n\tat org.openqa.selenium.support.ui.FluentWait.until(FluentWait.java:205)\n\tat steps.LoginStepdefs.iAmLoggedInAlready(LoginStepdefs.java:107)\n\tat ✽.I am logged in already(file:///Users/khadijahraja/Web-Testing-Framework/src/test/resources/features/Login.feature:59)\n","duration":22214595000,"status":"failed"},"line":59,"name":"I am logged in already","match":{"location":"steps.LoginStepdefs.iAmLoggedInAlready()"},"keyword":"Given "},{"result":{"duration":5714000,"status":"skipped"},"line":60,"name":"I click the log out button","match":{"location":"steps.LoginStepdefs.iClickTheLogOutButton()"},"keyword":"When "},{"result":{"duration":2834000,"status":"skipped"},"line":61,"name":"I should return to the home page","match":{"location":"steps.LoginStepdefs.iShouldReturnToTheHomePage()"},"keyword":"Then "},{"result":{"duration":3568000,"status":"skipped"},"line":62,"name":"my username should no longer be on the navbar","match":{"location":"steps.LoginStepdefs.myUsernameShouldNoLongerBeOnTheNavbar()"},"keyword":"And "},{"result":{"duration":5167000,"status":"skipped"},"line":63,"name":"there should be a Log In Button on the navbar","match":{"location":"steps.LoginStepdefs.thereShouldBeALogInButtonOnTheNavbar()"},"keyword":"And "}],"tags":[{"name":"@Happy"}]}],"name":"Login","description":"  In order to be able to buy items\n  As a registered user of the Sauce Labs website\n  I want to be able to sign in to my account","id":"login","keyword":"Feature","uri":"file:src/test/resources/features/Login.feature","tags":[]},{"line":1,"elements":[{"start_timestamp":"2025-11-14T15:27:03.296Z","before":[{"result":{"duration":2175624000,"status":"passed"},"match":{"location":"steps.CartStepDefs.clearCartBeforeScenario()"}}],"line":18,"name":"Signup with valid username and valid password","description":"","id":"signup;signup-with-valid-username-and-valid-password;;2","type":"scenario","keyword":"Scenario Outline","steps":[{"result":{"duration":726114000,"status":"passed"},"line":9,"name":"I am on the home page","match":{"location":"steps.SignUpStepDefs.iAmOnTheHomePage()"},"keyword":"Given "},{"result":{"duration":477045000,"status":"passed"},"line":10,"name":"I have clicked on the signup button","match":{"location":"steps.SignUpStepDefs.iHaveClickedOnTheSignupButton()"},"keyword":"And "},{"result":{"duration":121780000,"status":"passed"},"line":11,"name":"I enter a new username \"Charan\"","match":{"arguments":[{"val":"\"Charan\"","offset":23}],"location":"steps.SignUpStepDefs.iEnterANewUsername(java.lang.String)"},"keyword":"When "},{"result":{"duration":44639000,"status":"passed"},"line":12,"name":"I enter a password \"Joy89\"","match":{"arguments":[{"val":"\"Joy89\"","offset":19}],"location":"steps.SignUpStepDefs.iEnterAPassword(java.lang.String)"},"keyword":"And "},{"result":{"duration":575064000,"status":"passed"},"line":13,"name":"I click the signup confirmation button","match":{"location":"steps.SignUpStepDefs.iClickTheSignupConfirmationButton()"},"keyword":"And "},{"result":{"duration":5151000,"status":"passed"},"line":14,"name":"I should see a popup message saying \"Sign up successful.\"","match":{"arguments":[{"val":"\"Sign up successful.\"","offset":36}],"location":"steps.SignUpStepDefs.iShouldSeeAPopupMessageSaying(java.lang.String)"},"keyword":"Then "}],"tags":[{"name":"@Happy"}]},{"start_timestamp":"2025-11-14T15:27:08.028Z","before":[{"result":{"duration":1359663000,"status":"passed"},"match":{"location":"steps.CartStepDefs.clearCartBeforeScenario()"}}],"line":19,"name":"Signup with valid username and valid password","description":"","id":"signup;signup-with-valid-username-and-valid-password;;3","type":"scenario","keyword":"Scenario Outline","steps":[{"result":{"duration":817736000,"status":"passed"},"line":9,"name":"I am on the home page","match":{"location":"steps.SignUpStepDefs.iAmOnTheHomePage()"},"keyword":"Given "},{"result":{"duration":578496000,"status":"passed"},"line":10,"name":"I have clicked on the signup button","match":{"location":"steps.SignUpStepDefs.iHaveClickedOnTheSignupButton()"},"keyword":"And "},{"result":{"duration":113281000,"status":"passed"},"line":11,"name":"I enter a new username \"90875\"","match":{"arguments":[{"val":"\"90875\"","offset":23}],"location":"steps.SignUpStepDefs.iEnterANewUsername(java.lang.String)"},"keyword":"When "},{"result":{"duration":61022000,"status":"passed"},"line":12,"name":"I enter a password \"&*^$)\"","match":{"arguments":[{"val":"\"&*^$)\"","offset":19}],"location":"steps.SignUpStepDefs.iEnterAPassword(java.lang.String)"},"keyword":"And "},{"result":{"duration":568338000,"status":"passed"},"line":13,"name":"I click the signup confirmation button","match":{"location":"steps.SignUpStepDefs.iClickTheSignupConfirmationButton()"},"keyword":"And "},{"result":{"duration":8306000,"status":"passed"},"line":14,"name":"I should see a popup message saying \"Sign up successful.\"","match":{"arguments":[{"val":"\"Sign up successful.\"","offset":36}],"location":"steps.SignUpStepDefs.iShouldSeeAPopupMessageSaying(java.lang.String)"},"keyword":"Then "}],"tags":[{"name":"@Happy"}]},{"start_timestamp":"2025-11-14T15:27:12.376Z","before":[{"result":{"duration":1758579000,"status":"passed"},"match":{"location":"steps.CartStepDefs.clearCartBeforeScenario()"}}],"line":32,"name":"Signup with invalid or missing information","description":"","id":"signup;signup-with-invalid-or-missing-information;;2","type":"scenario","keyword":"Scenario Outline","steps":[{"result":{"duration":535927000,"status":"passed"},"line":23,"name":"I am on the home page","match":{"location":"steps.SignUpStepDefs.iAmOnTheHomePage()"},"keyword":"Given "},{"result":{"duration":524309000,"status":"passed"},"line":24,"name":"I have clicked on the signup button","match":{"location":"steps.SignUpStepDefs.iHaveClickedOnTheSignupButton()"},"keyword":"And "},{"result":{"duration":107097000,"status":"passed"},"line":25,"name":"I enter a username \"standard_use\"","match":{"arguments":[{"val":"\"standard_use\"","offset":19}],"location":"steps.SignUpStepDefs.iEnterAUsername(java.lang.String)"},"keyword":"When "},{"result":{"duration":68123000,"status":"passed"},"line":26,"name":"I enter a password \"Pass123\"","match":{"arguments":[{"val":"\"Pass123\"","offset":19}],"location":"steps.SignUpStepDefs.iEnterAPassword(java.lang.String)"},"keyword":"And "},{"result":{"duration":567755000,"status":"passed"},"line":27,"name":"I click the signup confirmation button","match":{"location":"steps.SignUpStepDefs.iClickTheSignupConfirmationButton()"},"keyword":"And "},{"result":{"duration":7608000,"status":"passed"},"line":28,"name":"I should see an alert message saying \"This user already exist.\"","match":{"arguments":[{"val":"\"This user already exist.\"","offset":37}],"location":"steps.SignUpStepDefs.iShouldSeeAnAlertMessageSaying(java.lang.String)"},"keyword":"Then "}],"tags":[{"name":"@Sad"}]},{"start_timestamp":"2025-11-14T15:27:16.644Z","before":[{"result":{"duration":1244804000,"status":"passed"},"match":{"location":"steps.CartStepDefs.clearCartBeforeScenario()"}}],"line":33,"name":"Signup with invalid or missing information","description":"","id":"signup;signup-with-invalid-or-missing-information;;3","type":"scenario","keyword":"Scenario Outline","steps":[{"result":{"duration":772906000,"status":"passed"},"line":23,"name":"I am on the home page","match":{"location":"steps.SignUpStepDefs.iAmOnTheHomePage()"},"keyword":"Given "},{"result":{"duration":598901000,"status":"passed"},"line":24,"name":"I have clicked on the signup button","match":{"location":"steps.SignUpStepDefs.iHaveClickedOnTheSignupButton()"},"keyword":"And "},{"result":{"duration":150532000,"status":"passed"},"line":25,"name":"I enter a username \"new_user123\"","match":{"arguments":[{"val":"\"new_user123\"","offset":19}],"location":"steps.SignUpStepDefs.iEnterAUsername(java.lang.String)"},"keyword":"When "},{"result":{"duration":44509000,"status":"passed"},"line":26,"name":"I enter a password \"\"","match":{"arguments":[{"val":"\"\"","offset":19}],"location":"steps.SignUpStepDefs.iEnterAPassword(java.lang.String)"},"keyword":"And "},{"result":{"duration":88496000,"status":"passed"},"line":27,"name":"I click the signup confirmation button","match":{"location":"steps.SignUpStepDefs.iClickTheSignupConfirmationButton()"},"keyword":"And "},{"result":{"duration":6498000,"status":"passed"},"line":28,"name":"I should see an alert message saying \"Please fill out Username and Password.\"","match":{"arguments":[{"val":"\"Please fill out Username and Password.\"","offset":37}],"location":"steps.SignUpStepDefs.iShouldSeeAnAlertMessageSaying(java.lang.String)"},"keyword":"Then "}],"tags":[{"name":"@Sad"}]},{"start_timestamp":"2025-11-14T15:27:20.202Z","before":[{"result":{"duration":1227327000,"status":"passed"},"match":{"location":"steps.CartStepDefs.clearCartBeforeScenario()"}}],"line":34,"name":"Signup with invalid or missing information","description":"","id":"signup;signup-with-invalid-or-missing-information;;4","type":"scenario","keyword":"Scenario Outline","steps":[{"result":{"duration":550897000,"status":"passed"},"line":23,"name":"I am on the home page","match":{"location":"steps.SignUpStepDefs.iAmOnTheHomePage()"},"keyword":"Given "},{"result":{"duration":544924000,"status":"passed"},"line":24,"name":"I have clicked on the signup button","match":{"location":"steps.SignUpStepDefs.iHaveClickedOnTheSignupButton()"},"keyword":"And "},{"result":{"duration":105998000,"status":"passed"},"line":25,"name":"I enter a username \"\"","match":{"arguments":[{"val":"\"\"","offset":19}],"location":"steps.SignUpStepDefs.iEnterAUsername(java.lang.String)"},"keyword":"When "},{"result":{"duration":119230000,"status":"passed"},"line":26,"name":"I enter a password \"Pass123\"","match":{"arguments":[{"val":"\"Pass123\"","offset":19}],"location":"steps.SignUpStepDefs.iEnterAPassword(java.lang.String)"},"keyword":"And "},{"result":{"duration":77514000,"status":"passed"},"line":27,"name":"I click the signup confirmation button","match":{"location":"steps.SignUpStepDefs.iClickTheSignupConfirmationButton()"},"keyword":"And "},{"result":{"duration":7417000,"status":"passed"},"line":28,"name":"I should see an alert message saying \"Please fill out Username and Password.\"","match":{"arguments":[{"val":"\"Please fill out Username and Password.\"","offset":37}],"location":"steps.SignUpStepDefs.iShouldSeeAnAlertMessageSaying(java.lang.String)"},"keyword":"Then "}],"tags":[{"name":"@Sad"}]},{"start_timestamp":"2025-11-14T15:27:23.564Z","before":[{"result":{"duration":1239267000,"status":"passed"},"match":{"location":"steps.CartStepDefs.clearCartBeforeScenario()"}}],"line":35,"name":"Signup with invalid or missing information","description":"","id":"signup;signup-with-invalid-or-missing-information;;5","type":"scenario","keyword":"Scenario Outline","steps":[{"result":{"duration":269929000,"status":"passed"},"line":23,"name":"I am on the home page","match":{"location":"steps.SignUpStepDefs.iAmOnTheHomePage()"},"keyword":"Given "},{"result":{"duration":499321000,"status":"passed"},"line":24,"name":"I have clicked on the signup button","match":{"location":"steps.SignUpStepDefs.iHaveClickedOnTheSignupButton()"},"keyword":"And "},{"result":{"duration":50984000,"status":"passed"},"line":25,"name":"I enter a username \"\"","match":{"arguments":[{"val":"\"\"","offset":19}],"location":"steps.SignUpStepDefs.iEnterAUsername(java.lang.String)"},"keyword":"When "},{"result":{"duration":48164000,"status":"passed"},"line":26,"name":"I enter a password \"\"","match":{"arguments":[{"val":"\"\"","offset":19}],"location":"steps.SignUpStepDefs.iEnterAPassword(java.lang.String)"},"keyword":"And "},{"result":{"duration":72657000,"status":"passed"},"line":27,"name":"I click the signup confirmation button","match":{"location":"steps.SignUpStepDefs.iClickTheSignupConfirmationButton()"},"keyword":"And "},{"result":{"duration":4624000,"status":"passed"},"line":28,"name":"I should see an alert message saying \"\"","match":{"arguments":[{"val":"\"\"","offset":37}],"location":"steps.SignUpStepDefs.iShouldSeeAnAlertMessageSaying(java.lang.String)"},"keyword":"Then "}],"tags":[{"name":"@Sad"}]}],"name":"Signup","description":"  In order to be able to make purchases on the website\n  As a new user\n  I want to be able to create an account successfully","id":"signup","keyword":"Feature","uri":"file:src/test/resources/features/signup.feature","tags":[]}]