<?xml version="1.0" encoding="UTF-8" standalone="no"?><testsuite errors="0" failures="1" name="Signup" skipped="0" tests="5" time="19.77" timestamp="2025-11-14 12:20:29"><testcase name="Signup with valid username and valid password"><failure message="&#13;&#10;Expected: a string containing &quot;Sign up successful.&quot;&#13;&#10;     but: was &quot;This user already exist.&quot;" type="java.lang.AssertionError">&#13;
Expected: a string containing "Sign up successful."&#13;
     but: was "This user already exist."</failure><system-err>&#13;
Expected: a string containing "Sign up successful."&#13;
     but: was "This user already exist."&#13;
steps.SignUpStepDefs.iShouldSeeAPopupMessageSaying(SignUpStepDefs.java:53)&#13;
âœ½.I should see a popup message saying "Sign up successful."(file:///D:/Chris/Documents/Sparta/Training/Project/Web-Testing-Framework/src/test/resources/features/signup.feature:14)&#13;
</system-err></testcase><testcase name="Signup with invalid or missing information"/></testsuite>